/BATCH  
/COM,ANSYS RELEASE Release 17.0      BUILD 17.0      UP20151214       13:03:46
/input,menust,tmp,''
/GRA,POWER
/GST,ON
/PLO,INFO,3
/GRO,CURL,ON
/CPLANE,1   
/REPLOT,RESIZE  
WPSTYLE,,,,,,,,0
! bsplin
lab6
/COM,ANSYS RELEASE Release 17.0      BUILD 17.0      UP20151214       13:17:01
/USER,  1   
/FOC,   1, -0.843051277118E-02,  0.204684263616E-01,   0.00000000000
/REPLO  
/DIST,1,0.924021086472,1
/REP,FAST   
/DIST,1,0.924021086472,1
/REP,FAST   
/DIST,1,1.08222638492,1 
/REP,FAST   
/DIST,1,1.08222638492,1 
/REP,FAST   
/DIST,1,1.08222638492,1 
/REP,FAST   
/DIST,1,1.08222638492,1 
/REP,FAST   
/VIEW,  1,  0.819598740137    ,  0.157093275207    ,  0.550980587725
/ANG,   1,  0.165909835614  
/REPLO  
/VIEW,  1,  0.854857793797    ,  0.402343645444    ,  0.327624393711
/ANG,   1,   3.41283362818  
/REPLO  
/DIST,1,0.924021086472,1
/REP,FAST   
/DIST,1,0.924021086472,1
/REP,FAST   
/DIST,1,0.924021086472,1
/REP,FAST   
/DIST,1,0.924021086472,1
/REP,FAST   
/VIEW,  1,  0.962918809435    , -0.185789095799    , -0.195626629879
/ANG,   1,   7.03851689965  
/REPLO  
/VIEW,  1,  0.756597368376    ,  0.157721121522    ,  0.634574243090
/ANG,   1,   8.05519893845  
/REPLO  
/DIST,1,0.924021086472,1
/REP,FAST   
/DIST,1,0.924021086472,1
/REP,FAST   
/DIST,1,0.924021086472,1
/REP,FAST   
/DIST,1,0.924021086472,1
/REP,FAST   
/DIST,1,0.924021086472,1
/REP,FAST   
/DIST,1,0.924021086472,1
/REP,FAST   
/DIST,1,0.924021086472,1
/REP,FAST   
/VIEW,  1,  0.633247127084    ,  0.448241057206    ,  0.630934252260
/ANG,   1,   6.68715194792  
/REPLO  
/DIST,1,1.08222638492,1 
/REP,FAST   
/DIST,1,1.08222638492,1 
/REP,FAST   
/DIST,1,1.08222638492,1 
/REP,FAST   
/DIST,1,1.08222638492,1 
/REP,FAST   
/DIST,1,1.08222638492,1 
/REP,FAST   
/DIST,1,1.08222638492,1 
/REP,FAST   
/ANG,1,30,XS,1  
/REP,FAST   
/ANG,1,-30,XS,1 
/REP,FAST   
/ANG,1,-30,XS,1 
/REP,FAST   
/ANG,1,-30,XS,1 
/REP,FAST   
/ANG,1,-30,XS,1 
/REP,FAST   
/ANG,1,-30,XS,1 
/REP,FAST   
/ANG,1,-30,XS,1 
/REP,FAST   
/ANG,1,-30,XS,1 
/REP,FAST   
/ANG,1,-30,XS,1 
/REP,FAST   
/ANG,1,-30,XS,1 
/REP,FAST   
/ANG,1,-30,XS,1 
/REP,FAST   
/ANG,1,-30,XS,1 
/REP,FAST   
/ANG,1,-30,XS,1 
/REP,FAST   
/ANG,1,-30,XS,1 
/REP,FAST   
/ANG,1,-30,XS,1 
/REP,FAST   
/ANG,1,-30,XS,1 
/REP,FAST   
/ANG,1,-30,XS,1 
/REP,FAST   
/ANG,1,-30,XS,1 
/REP,FAST   
/VIEW,1,1,1,1   
/ANG,1  
/REP,FAST   
/VIEW,1,,-1 
/ANG,1  
/REP,FAST   
/VIEW,1,,,-1
/ANG,1  
/REP,FAST   
/VIEW,1,,1  
/ANG,1  
/REP,FAST   
/VIEW,1,1   
/ANG,1  
/REP,FAST   
/VIEW,1,,,-1
/ANG,1  
/REP,FAST   
lab6
/COM,ANSYS RELEASE Release 17.0      BUILD 17.0      UP20151214       13:18:42
LAB6
/COM,ANSYS RELEASE Release 17.0      BUILD 17.0      UP20151214       13:18:49
! lab.mac   
lab6
/COM,ANSYS RELEASE Release 17.0      BUILD 17.0      UP20151214       13:18:59
! РЕКТАЛЬНИК  
lab6
/COM,ANSYS RELEASE Release 17.0      BUILD 17.0      UP20151214       13:23:25
lab6
/COM,ANSYS RELEASE Release 17.0      BUILD 17.0      UP20151214       13:23:33
/DIST,1,0.924021086472,1
/REP,FAST   
/DIST,1,0.924021086472,1
/REP,FAST   
/DIST,1,0.924021086472,1
/REP,FAST   
/DIST,1,1.08222638492,1 
/REP,FAST   
/DIST,1,1.08222638492,1 
/REP,FAST   
/DIST,1,1.08222638492,1 
/REP,FAST   
/DIST,1,1.08222638492,1 
/REP,FAST   
/DIST,1,1.08222638492,1 
/REP,FAST   
/DIST,1,1.08222638492,1 
/REP,FAST   
/DIST,1,1.08222638492,1 
/REP,FAST   
/DIST,1,1.08222638492,1 
/REP,FAST   
/DIST,1,1.08222638492,1 
/REP,FAST   
/REPLOT 
GPLOT   
/USER,  1   
/REPLO  
/REPLO  
/DIST,1,0.924021086472,1
/REP,FAST   
/DIST,1,0.924021086472,1
/REP,FAST   
/DIST,1,0.924021086472,1
/REP,FAST   
/DIST,1,0.924021086472,1
/REP,FAST   
/DIST,1,0.924021086472,1
/REP,FAST   
/DIST,1,0.924021086472,1
/REP,FAST   
/DIST,1,0.924021086472,1
/REP,FAST   
/DIST,1,0.924021086472,1
/REP,FAST   
/DIST,1,0.924021086472,1
/REP,FAST   
/DIST,1,0.924021086472,1
/REP,FAST   
/DIST,1,0.924021086472,1
/REP,FAST   
/DIST,1,0.924021086472,1
/REP,FAST   
/DIST,1,0.924021086472,1
/REP,FAST   
/DIST,1,0.924021086472,1
/REP,FAST   
/DIST,1,0.924021086472,1
/REP,FAST   
/DIST,1,0.924021086472,1
/REP,FAST   
VPLOT   
/REPLOT 
lab6
/COM,ANSYS RELEASE Release 17.0      BUILD 17.0      UP20151214       13:24:17
/DIST,1,0.924021086472,1
/REP,FAST   
/DIST,1,0.924021086472,1
/REP,FAST   
/DIST,1,0.924021086472,1
/REP,FAST   
/DIST,1,0.924021086472,1
/REP,FAST   
/DIST,1,0.924021086472,1
/REP,FAST   
/DIST,1,0.924021086472,1
/REP,FAST   
/DIST,1,0.924021086472,1
/REP,FAST   
/DIST,1,0.924021086472,1
/REP,FAST   
/DIST,1,0.924021086472,1
/REP,FAST   
/DIST,1,0.924021086472,1
/REP,FAST   
/DIST,1,0.924021086472,1
/REP,FAST   
/DIST,1,0.924021086472,1
/REP,FAST   
/DIST,1,0.924021086472,1
/REP,FAST   
/DIST,1,0.924021086472,1
/REP,FAST   
/DIST,1,0.924021086472,1
/REP,FAST   
/DIST,1,0.924021086472,1
/REP,FAST   
/DIST,1,0.924021086472,1
/REP,FAST   
/DIST,1,0.924021086472,1
/REP,FAST   
/DIST,1,0.924021086472,1
/REP,FAST   
/DIST,1,0.924021086472,1
/REP,FAST   
/DIST,1,0.924021086472,1
/REP,FAST   
/DIST,1,0.924021086472,1
/REP,FAST   
/DIST,1,1.08222638492,1 
/REP,FAST   
/DIST,1,1.08222638492,1 
/REP,FAST   
/DIST,1,1.08222638492,1 
/REP,FAST   
/DIST,1,1.08222638492,1 
/REP,FAST   
/DIST,1,1.08222638492,1 
/REP,FAST   
/DIST,1,1.08222638492,1 
/REP,FAST   
/DIST,1,1.08222638492,1 
/REP,FAST   
/DIST,1,1.08222638492,1 
/REP,FAST   
/DIST,1,1.08222638492,1 
/REP,FAST   
/DIST,1,1.08222638492,1 
/REP,FAST   
/DIST,1,1.08222638492,1 
/REP,FAST   
/DIST,1,1.08222638492,1 
/REP,FAST   
/DIST,1,1.08222638492,1 
/REP,FAST   
/DIST,1,1.08222638492,1 
/REP,FAST   
/DIST,1,1.08222638492,1 
/REP,FAST   
/DIST,1,1.08222638492,1 
/REP,FAST   
/DIST,1,1.08222638492,1 
/REP,FAST   
/DIST,1,1.08222638492,1 
/REP,FAST   
/DIST,1,1.08222638492,1 
/REP,FAST   
/DIST,1,1.08222638492,1 
/REP,FAST   
/DIST,1,0.924021086472,1
/REP,FAST   
/DIST,1,0.924021086472,1
/REP,FAST   
/DIST,1,0.924021086472,1
/REP,FAST   
/DIST,1,0.924021086472,1
/REP,FAST   
/DIST,1,0.924021086472,1
/REP,FAST   
/DIST,1,0.924021086472,1
/REP,FAST   
/DIST,1,0.924021086472,1
/REP,FAST   
/DIST,1,0.924021086472,1
/REP,FAST   
/DIST,1,0.924021086472,1
/REP,FAST   
/DIST,1,0.924021086472,1
/REP,FAST   
/DIST,1,0.924021086472,1
/REP,FAST   
/DIST,1,0.924021086472,1
/REP,FAST   
/DIST,1,0.924021086472,1
/REP,FAST   
/DIST,1,0.924021086472,1
/REP,FAST   
/DIST,1,0.924021086472,1
/REP,FAST   
/DIST,1,0.924021086472,1
/REP,FAST   
/DIST,1,0.924021086472,1
/REP,FAST   
/DIST,1,0.924021086472,1
/REP,FAST   
/DIST,1,0.924021086472,1
/REP,FAST   
/DIST,1,0.924021086472,1
/REP,FAST   
/DIST,1,0.924021086472,1
/REP,FAST   
/DIST,1,1.08222638492,1 
/REP,FAST   
/DIST,1,1.08222638492,1 
/REP,FAST   
/DIST,1,1.08222638492,1 
/REP,FAST   
/DIST,1,1.08222638492,1 
/REP,FAST   
/USER,  1   
/FOC,   1,  0.588246965894E-02,  0.147061741474E-02,   0.00000000000
/REPLO  
/VIEW,  1,  0.104522947578    , -0.104689899656E-01,  0.994467371852
/ANG,   1, -0.156268753924E-02  
/REPLO  
/VIEW,  1,  0.623715755694    ,  0.945634119118E-01,  0.775910057434
/ANG,   1,   1.65915899623  
/REPLO  
/VIEW,  1,  0.963576945975    ,  0.133879292210    ,  0.231507676551
/ANG,   1,   6.42902463818  
/REPLO  
/VIEW,  1,  0.927036543688    ,  0.720366975254E-01, -0.367986359634
/ANG,   1,   10.6225396037  
/REPLO  
/VIEW,  1,  0.700783435880    ,  0.154843006606E-01, -0.713206009810
/ANG,   1,   11.8138161235  
/REPLO  
/VIEW,  1,  0.996423842366    ,  0.833204566427E-01,  0.140437839976E-01
/ANG,   1,   8.39969258822  
/REPLO  
/DIST,1,1.08222638492,1 
/REP,FAST   
/DIST,1,1.08222638492,1 
/REP,FAST   
/DIST,1,1.08222638492,1 
/REP,FAST   
/DIST,1,1.08222638492,1 
/REP,FAST   
/DIST,1,1.08222638492,1 
/REP,FAST   
/DIST,1,1.08222638492,1 
/REP,FAST   
/DIST,1,1.08222638492,1 
/REP,FAST   
/VIEW,  1,  0.941155495990    ,  0.472002749937E-01,  0.334661719364
/ANG,   1,   6.75667106349  
/REPLO  
/DIST,1,1.08222638492,1 
/REP,FAST   
/DIST,1,1.08222638492,1 
/REP,FAST   
/DIST,1,1.08222638492,1 
/REP,FAST   
/DIST,1,1.08222638492,1 
/REP,FAST   
/DIST,1,1.08222638492,1 
/REP,FAST   
/DIST,1,1.08222638492,1 
/REP,FAST   
/DIST,1,1.08222638492,1 
/REP,FAST   
/DIST,1,1.08222638492,1 
/REP,FAST   
/VIEW,  1,  0.623333826362    ,  0.140573281522E-01,  0.781829477852
/ANG,   1,   5.04252543407  
/REPLO  
/VIEW,  1,  0.784030928677E-01, -0.196565791962E-02,  0.996919801798
/ANG,   1,   3.99457851969  
/REPLO  
/VIEW,  1, -0.208327434164    ,  0.201921316295E-02,  0.978057055060
/ANG,   1,   3.78583991383  
/REPLO  
/VIEW,  1, -0.663613569706    , -0.335468970396E-01,  0.747322979575
/ANG,   1,   3.50620876562  
/REPLO  
/REPLOT,RESIZE  
/REPLOT,RESIZE  
lab6
/COM,ANSYS RELEASE Release 17.0      BUILD 17.0      UP20151214       13:26:07
/PREP7  
FINISH  
/SOL
FINISH  
/PREP7  
bsplin  
lab6
/COM,ANSYS RELEASE Release 17.0      BUILD 17.0      UP20151214       13:30:47
! bsplin
lab6
/COM,ANSYS RELEASE Release 17.0      BUILD 17.0      UP20151214       13:30:59
! bsplin
lab6
/COM,ANSYS RELEASE Release 17.0      BUILD 17.0      UP20151214       13:31:14
!*  
/EFACET,1   
PLNSOL, PRES,, 0
!*  
PLESOL, VOLU,, 0,1.0
/REPLOT 
/DIST,1,0.924021086472,1
/REP,FAST   
/DIST,1,0.924021086472,1
/REP,FAST   
/DIST,1,0.924021086472,1
/REP,FAST   
/DIST,1,0.924021086472,1
/REP,FAST   
/DIST,1,0.924021086472,1
/REP,FAST   
/DIST,1,0.924021086472,1
/REP,FAST   
/DIST,1,0.924021086472,1
/REP,FAST   
/DIST,1,0.924021086472,1
/REP,FAST   
/DIST,1,0.924021086472,1
/REP,FAST   
/DIST,1,0.924021086472,1
/REP,FAST   
/DIST,1,0.924021086472,1
/REP,FAST   
/DIST,1,0.924021086472,1
/REP,FAST   
/DIST,1,1.08222638492,1 
/REP,FAST   
/DIST,1,1.08222638492,1 
/REP,FAST   
/DIST,1,1.08222638492,1 
/REP,FAST   
/DIST,1,0.924021086472,1
/REP,FAST   
/DIST,1,1.08222638492,1 
/REP,FAST   
/DIST,1,1.08222638492,1 
/REP,FAST   
/DIST,1,1.08222638492,1 
/REP,FAST   
/DIST,1,1.08222638492,1 
/REP,FAST   
GPLOT   
PLDISP,1
SET,FIRST   
INRES,ALL   
FILE,'lab6','rfl','.'   
SET,LIST
SET,LAST
!*  
/EFACET,1   
PLNSOL, PRES,, 0
/DIST,1,0.924021086472,1
/REP,FAST   
/DIST,1,0.924021086472,1
/REP,FAST   
/DIST,1,1.08222638492,1 
/REP,FAST   
/DIST,1,1.08222638492,1 
/REP,FAST   
/DIST,1,1.08222638492,1 
/REP,FAST   
/DIST,1,1.08222638492,1 
/REP,FAST   
/DIST,1,1.08222638492,1 
/REP,FAST   
/DIST,1,1.08222638492,1 
/REP,FAST   
/DIST,1,1.08222638492,1 
/REP,FAST   
/DIST,1,1.08222638492,1 
/REP,FAST   
/DIST,1,0.924021086472,1
/REP,FAST   
/DIST,1,0.924021086472,1
/REP,FAST   
/DIST,1,0.924021086472,1
/REP,FAST   
/DIST,1,0.924021086472,1
/REP,FAST   
lab6
/COM,ANSYS RELEASE Release 17.0      BUILD 17.0      UP20151214       13:33:25
/DIST,1,0.924021086472,1
/REP,FAST   
/DIST,1,0.924021086472,1
/REP,FAST   
/DIST,1,0.924021086472,1
/REP,FAST   
/DIST,1,0.924021086472,1
/REP,FAST   
/DIST,1,0.924021086472,1
/REP,FAST   
/DIST,1,0.924021086472,1
/REP,FAST   
/DIST,1,0.924021086472,1
/REP,FAST   
/DIST,1,0.924021086472,1
/REP,FAST   
/DIST,1,0.924021086472,1
/REP,FAST   
/DIST,1,0.924021086472,1
/REP,FAST   
/DIST,1,0.924021086472,1
/REP,FAST   
/DIST,1,0.924021086472,1
/REP,FAST   
/DIST,1,0.924021086472,1
/REP,FAST   
/DIST,1,0.924021086472,1
/REP,FAST   
/DIST,1,0.924021086472,1
/REP,FAST   
/DIST,1,0.924021086472,1
/REP,FAST   
/DIST,1,0.924021086472,1
/REP,FAST   
/DIST,1,0.924021086472,1
/REP,FAST   
/DIST,1,0.924021086472,1
/REP,FAST   
/DIST,1,0.924021086472,1
/REP,FAST   
/USER,  1   
/FOC,   1, -0.407664466580E-03,  0.244598679948E-02,   0.00000000000
/REPLO  
/FOC,   1,  0.896861826475E-02,  0.102731445578    ,   0.00000000000
/REPLO  
/FOC,   1,  0.896861826475E-02,  0.207501213489    ,   0.00000000000
/REPLO  
/REPLO  
/FOC,   1,  0.733796039843E-02,  0.201386246490    ,   0.00000000000
/REPLO  
/REPLO  
/REPLOT,RESIZE  
/DIST,1,1.08222638492,1 
/REP,FAST   
/DIST,1,1.08222638492,1 
/REP,FAST   
/DIST,1,1.08222638492,1 
/REP,FAST   
!*  
PLNSOL,V,x  
/REPLO  
/DIST,1,1.08222638492,1 
/REP,FAST   
/DIST,1,1.08222638492,1 
/REP,FAST   
/DIST,1,1.08222638492,1 
/REP,FAST   
/DIST,1,1.08222638492,1 
/REP,FAST   
/DIST,1,1.08222638492,1 
/REP,FAST   
/DIST,1,1.08222638492,1 
/REP,FAST   
/DIST,1,1.08222638492,1 
/REP,FAST   
/VIEW,  1,  0.243985944154    , -0.390836655679E-01,  0.968990880319
/ANG,   1, -0.178098152508  
/REPLO  
/FOC,   1,  0.132881257309    ,  0.214356427105    , -0.310878855924E-01
/REPLO  
/FOC,   1,  0.228696194153    ,  0.211072431321    , -0.553459554052E-01
/REPLO  
/VIEW,  1, -0.791373321595E-01, -0.267971992773E-01,  0.996503483571
/ANG,   1,  0.481081880737  
/REPLO  
/VIEW,1,,,1 
/ANG,1  
/REP,FAST   
/FOC,   1,  0.199946447892    ,  0.211072431321    , -0.553459554052E-01
/REPLO  
/FOC,   1,  0.190063722615    ,  0.169744671071    , -0.553459554052E-01
/REPLO  
/FOC,   1,  0.216118180164    ,  0.114940467261    , -0.553459554052E-01
/REPLO  
/DIST,1,0.924021086472,1
/REP,FAST   
/FOC,   1,  0.249324894884    ,  0.867147597490E-01, -0.553459554052E-01
/REPLO  
/FOC,   1,  0.198684654936    ,  0.950164384290E-01, -0.553459554052E-01
/REPLO  
/FOC,   1,  0.265098084376    ,  0.104978452845    , -0.553459554052E-01
/REPLO  
/REPLOT,RESIZE  
/REPLO  
/REPLO  
/REPLO  
/FOC,   1,  0.227740530316    ,  0.104148284977    , -0.553459554052E-01
/REPLO  
/REPLO  
/DIST,1,0.729,1 
/REP,FAST   
/FOC,   1,  0.945982076462E-01,  0.623900110487E-01, -0.553459554052E-01
/REPLO  
/FOC,   1,  0.260896652886E-02,  0.569432796668E-01, -0.553459554052E-01
/REPLO  
/DIST,1,0.729,1 
/REP,FAST   
/FOC,   1,  0.259917843516E-01,  0.490019453119E-01, -0.553459554052E-01
/REPLO  
FLST,2,23,8 
FITEM,2,-0.3,0,0
FITEM,2,-0.3,0,0
FITEM,2,-0.3,0,0
FITEM,2,-0.3,0.5E-01,0  
FITEM,2,-0.3,0.1,0  
FITEM,2,-0.25,0.15,0
FITEM,2,-0.3,0.15,0 
FITEM,2,-0.25,0.1,0 
FITEM,2,-0.25,0.5E-01,0 
FITEM,2,-0.25,0,0   
FITEM,2,-0.25,-0.5E-01,0
FITEM,2,-0.3,-0.5E-01,0 
FITEM,2,-0.3,-0.1,0 
FITEM,2,-0.25,-0.1,0
FITEM,2,-0.2,-0.1,0 
FITEM,2,-0.2,-0.5E-01,0 
FITEM,2,-0.2,0,0
FITEM,2,-0.2,0.5E-01,0  
FITEM,2,-0.2,0.1,0  
FITEM,2,-0.2,0.15,0 
FITEM,2,-0.3,-0.15,0
FITEM,2,-0.25,-0.15,0   
FITEM,2,-0.2,-0.15,0
TRPOIN,P51X,P51X
FLST,2,9,8  
FITEM,2,-0.35,0.15,0
FITEM,2,-0.35,0.1,0 
FITEM,2,-0.35,0.5E-01,0 
FITEM,2,-0.35,0,0   
FITEM,2,-0.35,-0.5E-01,0
FITEM,2,-0.35,-0.15,0   
FITEM,2,-0.35,-0.2,0
FITEM,2,-0.35,-0.1,0
FITEM,2,-0.35,-0.2,0
TRPOIN,P51X,P51X
/DIST,1,1.08222638492,1 
/REP,FAST   
/DIST,1,1.08222638492,1 
/REP,FAST   
/REPLOT 
PLTRAC,FLUID,PRES,,0,TRAC,25, ,0
/DIST,1,1.08222638492,1 
/REP,FAST   
/DIST,1,1.08222638492,1 
/REP,FAST   
/DIST,1,0.924021086472,1
/REP,FAST   
/DIST,1,0.924021086472,1
/REP,FAST   
/DIST,1,0.924021086472,1
/REP,FAST   
/DIST,1,0.924021086472,1
/REP,FAST   
/DIST,1,1.08222638492,1 
/REP,FAST   
/DIST,1,1.08222638492,1 
/REP,FAST   
/DIST,1,0.924021086472,1
/REP,FAST   
/DIST,1,0.924021086472,1
/REP,FAST   
/DIST,1,0.924021086472,1
/REP,FAST   
/DIST,1,0.924021086472,1
/REP,FAST   
/DIST,1,0.924021086472,1
/REP,FAST   
/DIST,1,0.924021086472,1
/REP,FAST   
/DIST,1,0.924021086472,1
/REP,FAST   
/DIST,1,0.924021086472,1
/REP,FAST   
/FOC,   1, -0.382663520864E-01,  0.399399004296E-01, -0.553459554052E-01
/REPLO  
/FOC,   1, -0.352456704590E-01,  0.289556036026E-01, -0.553459554052E-01
/REPLO  
/FOC,   1, -0.363441001417E-01,  0.174220919342E-01, -0.553459554052E-01
/REPLO  
/FOC,   1, -0.890687249113E-01,  0.154998399895E-01, -0.553459554052E-01
/REPLO  
/FOC,   1, -0.122021615392    ,  0.122045509414E-01, -0.553459554052E-01
/REPLO  
/REPLO  
/DIST,1,0.729,1 
/REP,FAST   
/DIST,1,0.729,1 
/REP,FAST   
/FOC,   1, -0.150625393273    ,  0.913986045413E-02, -0.553459554052E-01
/REPLO  
/FOC,   1, -0.198930752858    ,  0.107451745189E-01, -0.553459554052E-01
/REPLO  
/FOC,   1, -0.208124824320    ,  0.330235476410E-02, -0.553459554052E-01
/REPLO  
/DIST,1,0.729,1 
/REP,FAST   
/FOC,   1, -0.200571237895    ,  0.340874330530E-02, -0.553459554052E-01
/REPLO  
lab6
/COM,ANSYS RELEASE Release 17.0      BUILD 17.0      UP20151214       13:39:28
/DIST,1,0.924021086472,1
/REP,FAST   
/DIST,1,0.924021086472,1
/REP,FAST   
/DIST,1,0.924021086472,1
/REP,FAST   
/DIST,1,0.924021086472,1
/REP,FAST   
/DIST,1,0.924021086472,1
/REP,FAST   
/DIST,1,0.924021086472,1
/REP,FAST   
/DIST,1,0.924021086472,1
/REP,FAST   
/DIST,1,0.924021086472,1
/REP,FAST   
/USER,  1   
/FOC,   1,   0.00000000000    ,  0.210450648923E-02,   0.00000000000
/REPLO  
/DIST,1,0.924021086472,1
/REP,FAST   
/DIST,1,0.924021086472,1
/REP,FAST   
/DIST,1,0.924021086472,1
/REP,FAST   
/DIST,1,0.924021086472,1
/REP,FAST   
/DIST,1,0.924021086472,1
/REP,FAST   
/VIEW,  1, -0.187379886761    , -0.521760056930E-02,  0.982273665880
/ANG,   1,  0.251035805914E-01  
/REPLO  
/VIEW,  1,  0.157726521384E-01, -0.311051309301E-01,  0.999391662100
/ANG,   1, -0.233170342084  
/REPLO  
/FOC,   1, -0.196365345868    ,  0.154750888666E-01,  0.351523445822E-02
/REPLO  
lab6
/COM,ANSYS RELEASE Release 17.0      BUILD 17.0      UP20151214       13:40:24
/DIST,1,0.924021086472,1
/REP,FAST   
/DIST,1,0.924021086472,1
/REP,FAST   
/DIST,1,0.924021086472,1
/REP,FAST   
/DIST,1,0.924021086472,1
/REP,FAST   
/DIST,1,0.924021086472,1
/REP,FAST   
lab6
/COM,ANSYS RELEASE Release 17.0      BUILD 17.0      UP20151214       13:41:21
lab6
/COM,ANSYS RELEASE Release 17.0      BUILD 17.0      UP20151214       13:41:45
lab6
/COM,ANSYS RELEASE Release 17.0      BUILD 17.0      UP20151214       13:41:58
! bsplin
lab6
/COM,ANSYS RELEASE Release 17.0      BUILD 17.0      UP20151214       13:42:20
FINISH  
/SOL
FINISH  
/POST1  
!*  
/EFACET,1   
PLNSOL, PRES,, 0
FINISH  
! /EXIT,ALL 
